d:\hades\hades-windows\duilib\build\debug\duilib.pch
d:\hades\hades-windows\duilib\debug\vc142.pdb
d:\hades\hades-windows\duilib\debug\vc142.idb
d:\hades\hades-windows\duilib\debug\stdafx.obj
d:\hades\hades-windows\duilib\debug\uitext.obj
d:\hades\hades-windows\duilib\debug\uitreeview.obj
d:\hades\hades-windows\duilib\debug\uiwebbrowser.obj
d:\hades\hades-windows\duilib\debug\uibase.obj
d:\hades\hades-windows\duilib\debug\uicontainer.obj
d:\hades\hades-windows\duilib\debug\uicontrol.obj
d:\hades\hades-windows\duilib\debug\uidlgbuilder.obj
d:\hades\hades-windows\duilib\debug\uimanager.obj
d:\hades\hades-windows\duilib\debug\uimarkup.obj
d:\hades\hades-windows\duilib\debug\uirender.obj
d:\hades\hades-windows\duilib\debug\uichildlayout.obj
d:\hades\hades-windows\duilib\debug\uihorizontallayout.obj
d:\hades\hades-windows\duilib\debug\uitablayout.obj
d:\hades\hades-windows\duilib\debug\uitilelayout.obj
d:\hades\hades-windows\duilib\debug\uiverticallayout.obj
d:\hades\hades-windows\duilib\debug\uilib.obj
d:\hades\hades-windows\duilib\debug\uidelegate.obj
d:\hades\hades-windows\duilib\debug\utils.obj
d:\hades\hades-windows\duilib\debug\winimplbase.obj
d:\hades\hades-windows\duilib\debug\wndshadow.obj
d:\hades\hades-windows\duilib\debug\uiactivex.obj
d:\hades\hades-windows\duilib\debug\uibutton.obj
d:\hades\hades-windows\duilib\debug\uicheckbox.obj
d:\hades\hades-windows\duilib\debug\uicombo.obj
d:\hades\hades-windows\duilib\debug\uidatetime.obj
d:\hades\hades-windows\duilib\debug\uiedit.obj
d:\hades\hades-windows\duilib\debug\uigifanim.obj
d:\hades\hades-windows\duilib\debug\uilabel.obj
d:\hades\hades-windows\duilib\debug\uilist.obj
d:\hades\hades-windows\duilib\debug\uioption.obj
d:\hades\hades-windows\duilib\debug\uiprogress.obj
d:\hades\hades-windows\duilib\debug\uirichedit.obj
d:\hades\hades-windows\duilib\debug\uiscrollbar.obj
d:\hades\hades-windows\duilib\debug\uislider.obj
d:\hades\hades-windows\duilib\debug\stb_image.obj
d:\hades\hades-windows\duilib\debug\xunzip.obj
d:\hades\hades-windows\lib\duilib_d.lib
d:\hades\hades-windows\lib\duilib_d.exp
d:\hades\hades-windows\bin\hadesui_d.dll
d:\hades\hades-windows\bin\hadesui_d.pdb
d:\hades\hades-windows\duilib\debug\duilib.tlog\cl.command.1.tlog
d:\hades\hades-windows\duilib\debug\duilib.tlog\cl.read.1.tlog
d:\hades\hades-windows\duilib\debug\duilib.tlog\cl.write.1.tlog
d:\hades\hades-windows\duilib\debug\duilib.tlog\duilib.write.1u.tlog
d:\hades\hades-windows\duilib\debug\duilib.tlog\link.command.1.tlog
d:\hades\hades-windows\duilib\debug\duilib.tlog\link.read.1.tlog
d:\hades\hades-windows\duilib\debug\duilib.tlog\link.write.1.tlog
