d:\hades\hades-windows\hadsvc\x64\release\vc142.pdb
d:\hades\hades-windows\hadsvc\x64\release\umsginterface.obj
d:\hades\hades-windows\hadsvc\x64\release\time_stamp.obj
d:\hades\hades-windows\hadsvc\x64\release\pipe.obj
d:\hades\hades-windows\hadsvc\x64\release\msgassist.obj
d:\hades\hades-windows\hadsvc\x64\release\main.obj
d:\hades\hades-windows\hadsvc\x64\release\kmsginterface.obj
d:\hades\hades-windows\hadsvc\x64\release\hlprminicom.obj
d:\hades\hades-windows\hadsvc\x64\release\hades_win.pb.obj
d:\hades\hades-windows\hadsvc\x64\release\hades_win.grpc.pb.obj
d:\hades\hades-windows\hadsvc\x64\release\grpc.obj
d:\hades\hades-windows\bin\abseil_dll.dll
d:\hades\hades-windows\bin\libcrypto-1_1-x64.dll
d:\hades\hades-windows\bin\libprotobuf-lite.dll
d:\hades\hades-windows\bin\libprotobuf.dll
d:\hades\hades-windows\bin\libssl-1_1-x64.dll
d:\hades\hades-windows\bin\re2.dll
d:\hades\hades-windows\bin\zlib1.dll
d:\hades\hades-windows\bin\cares.dll
d:\hades\hades-windows\bin\hadessvc64.exe
d:\hades\hades-windows\hadsvc\x64\release\hadessvc64.ipdb
d:\hades\hades-windows\hadsvc\x64\release\hadessvc64.iobj
d:\hades\hades-windows\bin\hadessvc64.pdb
d:\hades\hades-windows\hadsvc\x64\release\mcfilter.res
d:\hades\hades-windows\hadsvc\x64\release\hadessvc.tlog\cl.command.1.tlog
d:\hades\hades-windows\hadsvc\x64\release\hadessvc.tlog\cl.read.1.tlog
d:\hades\hades-windows\hadsvc\x64\release\hadessvc.tlog\cl.write.1.tlog
d:\hades\hades-windows\hadsvc\x64\release\hadessvc.tlog\hadessvc.write.1u.tlog
d:\hades\hades-windows\hadsvc\x64\release\hadessvc.tlog\link.command.1.tlog
d:\hades\hades-windows\hadsvc\x64\release\hadessvc.tlog\link.read.1.tlog
d:\hades\hades-windows\hadsvc\x64\release\hadessvc.tlog\link.write.1.tlog
d:\hades\hades-windows\hadsvc\x64\release\hadessvc.tlog\rc.command.1.tlog
d:\hades\hades-windows\hadsvc\x64\release\hadessvc.tlog\rc.read.1.tlog
d:\hades\hades-windows\hadsvc\x64\release\hadessvc.tlog\rc.write.1.tlog
