d:\hades\int\debug\wfpdriver\vc142.pdb
d:\hades\int\debug\wfpdriver\util.obj
d:\hades\int\debug\wfpdriver\establishedctx.obj
d:\hades\int\debug\wfpdriver\driver.obj
d:\hades\int\debug\wfpdriver\devctrl.obj
d:\hades\int\debug\wfpdriver\datalinkctx.obj
d:\hades\int\debug\wfpdriver\callouts.obj
d:\hades\bin\wfp\wfpdriver\wfpdriver.cat
d:\hades\bin\wfp\wfpdriver.sys
d:\hades\bin\wfp\wfpdriver\wfpdriver.pdb
d:\hades\int\debug\wfpdriver\wfpdriver.inf
d:\hades\int\debug\wfpdriver\../../../bin/wfp/wfpdriver.cer
d:\hades\int\debug\wfpdriver\../../../bin/wfp/wfpdriver.inf
d:\hades\int\debug\wfpdriver\wfpdriver.tlog\cl.command.1.tlog
d:\hades\int\debug\wfpdriver\wfpdriver.tlog\cl.read.1.tlog
d:\hades\int\debug\wfpdriver\wfpdriver.tlog\cl.write.1.tlog
d:\hades\int\debug\wfpdriver\wfpdriver.tlog\inf2cat-expand.6576.read.1.tlog
d:\hades\int\debug\wfpdriver\wfpdriver.tlog\inf2cat-expand.6576.write.1.tlog
d:\hades\int\debug\wfpdriver\wfpdriver.tlog\inf2cat-expand.9880.read.1.tlog
d:\hades\int\debug\wfpdriver\wfpdriver.tlog\inf2cat-expand.9880.write.1.tlog
d:\hades\int\debug\wfpdriver\wfpdriver.tlog\inf2cat-expand.read.1.tlog
d:\hades\int\debug\wfpdriver\wfpdriver.tlog\inf2cat-expand.write.1.tlog
d:\hades\int\debug\wfpdriver\wfpdriver.tlog\inf2cat.command.1.tlog
d:\hades\int\debug\wfpdriver\wfpdriver.tlog\inf2cat.read.1.tlog
d:\hades\int\debug\wfpdriver\wfpdriver.tlog\inf2cat.write.1.tlog
d:\hades\int\debug\wfpdriver\wfpdriver.tlog\link.command.1.tlog
d:\hades\int\debug\wfpdriver\wfpdriver.tlog\link.read.1.tlog
d:\hades\int\debug\wfpdriver\wfpdriver.tlog\link.write.1.tlog
d:\hades\int\debug\wfpdriver\wfpdriver.tlog\signtool.command.1.tlog
d:\hades\int\debug\wfpdriver\wfpdriver.tlog\signtool.read.1.tlog
d:\hades\int\debug\wfpdriver\wfpdriver.tlog\signtool.timestamp.1.tlog
d:\hades\int\debug\wfpdriver\wfpdriver.tlog\signtool.write.1.tlog
d:\hades\int\debug\wfpdriver\wfpdriver.tlog\stampinf.command.1.tlog
d:\hades\int\debug\wfpdriver\wfpdriver.tlog\stampinf.read.1.tlog
d:\hades\int\debug\wfpdriver\wfpdriver.tlog\stampinf.write.1.tlog
