d:\hades\windows_event\win_ker_event\driver\x64\debug\vc142.pdb
d:\hades\windows_event\win_ker_event\driver\x64\debug\driver.obj
d:\hades\windows_event\win_ker_event\driver\x64\debug\thread.obj
d:\hades\windows_event\win_ker_event\driver\x64\debug\syswmi.obj
d:\hades\windows_event\win_ker_event\driver\x64\debug\syssession.obj
d:\hades\windows_event\win_ker_event\driver\x64\debug\sysfile.obj
d:\hades\windows_event\win_ker_event\driver\x64\debug\register.obj
d:\hades\windows_event\win_ker_event\driver\x64\debug\process.obj
d:\hades\windows_event\win_ker_event\driver\x64\debug\imagemod.obj
d:\hades\windows_event\win_ker_event\driver\x64\debug\devctrl.obj
d:\hades\windows_event\win_ker_event\driver\x64\debug\driver.res
d:\hades\windows_event\win_ker_event\driver\x64\debug\driver.inf
d:\hades\windows_event\win_ker_event\driver\x64\debug\driver.tlog\cl.command.1.tlog
d:\hades\windows_event\win_ker_event\driver\x64\debug\driver.tlog\cl.read.1.tlog
d:\hades\windows_event\win_ker_event\driver\x64\debug\driver.tlog\cl.write.1.tlog
d:\hades\windows_event\win_ker_event\driver\x64\debug\driver.tlog\link-cvtres.read.1.tlog
d:\hades\windows_event\win_ker_event\driver\x64\debug\driver.tlog\link-cvtres.write.1.tlog
d:\hades\windows_event\win_ker_event\driver\x64\debug\driver.tlog\link.command.1.tlog
d:\hades\windows_event\win_ker_event\driver\x64\debug\driver.tlog\link.read.1.tlog
d:\hades\windows_event\win_ker_event\driver\x64\debug\driver.tlog\link.write.1.tlog
d:\hades\windows_event\win_ker_event\driver\x64\debug\driver.tlog\rc.command.1.tlog
d:\hades\windows_event\win_ker_event\driver\x64\debug\driver.tlog\rc.read.1.tlog
d:\hades\windows_event\win_ker_event\driver\x64\debug\driver.tlog\rc.write.1.tlog
d:\hades\windows_event\win_ker_event\driver\x64\debug\driver.tlog\stampinf.command.1.tlog
d:\hades\windows_event\win_ker_event\driver\x64\debug\driver.tlog\stampinf.read.1.tlog
d:\hades\windows_event\win_ker_event\driver\x64\debug\driver.tlog\stampinf.write.1.tlog
