生成启动时间为 2022/3/24 9:17:49。
     1>项目“D:\PaoPao\Client3.0\trunk\PPSpeedUp\DuiLib\DuiLib.vcxproj”在节点 2 上(Rebuild 个目标)。
     1>C:\Program Files (x86)\MSBuild\Microsoft.Cpp\v4.0\V120\Microsoft.CppBuild.targets(364,5): warning MSB8004: Output Directory does not end with a trailing slash.  This build instance will add the slash as it is required to allow proper evaluation of the Output Directory.
     1>ClCompile:
         D:\Microsoft Visual Studio 12.0\VC\bin\CL.exe /c /Zi /nologo /W3 /WX- /O1 /Ob1 /Oy- /D WIN32 /D NDEBUG /D _WINDOWS /D UILIB_EXPORTS /D _VC80_UPGRADE=0x0600 /D _USING_V110_SDK71_ /D _WINDLL /D _UNICODE /D UNICODE /GF /Gm- /EHsc /MD /GS /Gy /fp:precise /Zc:wchar_t /Zc:forScope /Yc"stdafx.h" /Fp".\Build\Release/DuiLib.pch" /Fo"Release\\" /Fd"Release\vc120.pdb" /Gd /TP /analyze- /errorReport:prompt StdAfx.cpp
         StdAfx.cpp
         D:\Microsoft Visual Studio 12.0\VC\bin\CL.exe /c /Zi /nologo /W3 /WX- /O1 /Ob1 /Oy- /D WIN32 /D NDEBUG /D _WINDOWS /D UILIB_EXPORTS /D _VC80_UPGRADE=0x0600 /D _USING_V110_SDK71_ /D _WINDLL /D _UNICODE /D UNICODE /GF /Gm- /EHsc /MD /GS /Gy /fp:precise /Zc:wchar_t /Zc:forScope /Yu"stdafx.h" /Fp".\Build\Release/DuiLib.pch" /Fo"Release\\" /Fd"Release\vc120.pdb" /Gd /TP /analyze- /errorReport:prompt Control\UIActiveX.cpp Control\UIButton.cpp Control\UICheckBox.cpp Control\UICombo.cpp Control\UIDateTime.cpp Control\UIEdit.cpp Control\UIGifAnim.cpp Control\UILabel.cpp Control\UIList.cpp Control\UIOption.cpp Control\UIProgress.cpp Control\UIRichEdit.cpp Control\UIScrollBar.cpp Control\UISlider.cpp Control\UIText.cpp Control\UITreeView.cpp Control\UIWebBrowser.cpp Core\UIBase.cpp Core\UIContainer.cpp Core\UIControl.cpp Core\UIDlgBuilder.cpp Core\UIManager.cpp Core\UIMarkup.cpp Core\UIRender.cpp Layout\UIChildLayout.cpp Layout\UIHorizontalLayout.cpp Layout\UITabLayout.cpp Layout\UITileLayout.cpp Layout\UIVerticalLayout.cpp UIlib.cpp Utils\UIDelegate.cpp Utils\Utils.cpp Utils\WinImplBase.cpp Utils\WndShadow.cpp
         UIActiveX.cpp
         UIButton.cpp
         UICheckBox.cpp
         UICombo.cpp
         UIDateTime.cpp
         UIEdit.cpp
         UIGifAnim.cpp
     1>Control\UIGifAnim.cpp : warning C4819: 该文件包含不能在当前代码页(936)中表示的字符。请将该文件保存为 Unicode 格式以防止数据丢失
         UILabel.cpp
     1>Control\UILabel.cpp(390): warning C4806: “|”: 不安全操作: 从类型“bool”提升到类型“int”的值不能等于给定的常量
     1>Control\UILabel.cpp(390): warning C4554: “|”: 检查运算符优先级可能存在的错误；使用圆括号阐明优先级
         UIList.cpp
         UIOption.cpp
         UIProgress.cpp
         UIRichEdit.cpp
         UIScrollBar.cpp
         UISlider.cpp
         UIText.cpp
         UITreeView.cpp
         UIWebBrowser.cpp
         UIBase.cpp
         UIContainer.cpp
         UIControl.cpp
         正在生成代码...
         正在编译...
         UIDlgBuilder.cpp
         UIManager.cpp
         UIMarkup.cpp
         UIRender.cpp
         UIChildLayout.cpp
         UIHorizontalLayout.cpp
         UITabLayout.cpp
         UITileLayout.cpp
         UIVerticalLayout.cpp
         UIlib.cpp
         UIDelegate.cpp
         Utils.cpp
         WinImplBase.cpp
         WndShadow.cpp
         正在生成代码...
         D:\Microsoft Visual Studio 12.0\VC\bin\CL.exe /c /Zi /nologo /W3 /WX- /O1 /Ob1 /Oy- /D WIN32 /D NDEBUG /D _WINDOWS /D UILIB_EXPORTS /D _VC80_UPGRADE=0x0600 /D _USING_V110_SDK71_ /D _WINDLL /D _UNICODE /D UNICODE /GF /Gm- /EHsc /MD /GS /Gy /fp:precise /Zc:wchar_t /Zc:forScope /Fo"Release\\" /Fd"Release\vc120.pdb" /Gd /TC /analyze- /errorReport:prompt Utils\stb_image.c
         stb_image.c
         D:\Microsoft Visual Studio 12.0\VC\bin\CL.exe /c /Zi /nologo /W3 /WX- /O1 /Ob1 /Oy- /D WIN32 /D NDEBUG /D _WINDOWS /D UILIB_EXPORTS /D _VC80_UPGRADE=0x0600 /D _USING_V110_SDK71_ /D _WINDLL /D _UNICODE /D UNICODE /GF /Gm- /EHsc /MD /GS /Gy /fp:precise /Zc:wchar_t /Zc:forScope /Fo"Release\\" /Fd"Release\vc120.pdb" /Gd /TP /analyze- /errorReport:prompt Utils\XUnzip.cpp
         XUnzip.cpp
     1>C:\Program Files (x86)\MSBuild\Microsoft.Cpp\v4.0\V120\Microsoft.CppBuild.targets(1197,5): warning MSB8030: The linker switch "Minimum Required Version" requires "SubSystem" to be set.  Without "SubSystem", the "Minimum Required Version" would not be passed to linker and could prevent to the output binary from running on older Operating Systems.
       Link:
         D:\Microsoft Visual Studio 12.0\VC\bin\link.exe /ERRORREPORT:PROMPT /OUT:"..\..\bin\PPSpeedUp\PPUI.dll" /INCREMENTAL:NO /NOLOGO /LIBPATH:.\lib kernel32.lib user32.lib gdi32.lib winspool.lib comdlg32.lib advapi32.lib shell32.lib ole32.lib oleaut32.lib uuid.lib odbc32.lib odbccp32.lib /MANIFEST:NO /PDB:"..\..\bin\PPSpeedUp\PPUI.pdb" /TLBID:1 /BASE:"0x11000000" /DYNAMICBASE /NXCOMPAT /IMPLIB:"../Lib/DuiLib.lib" /MACHINE:X86 /SAFESEH /DLL Release\UIActiveX.obj
         Release\UIButton.obj
         Release\UICheckBox.obj
         Release\UICombo.obj
         Release\UIDateTime.obj
         Release\UIEdit.obj
         Release\UIGifAnim.obj
         Release\UILabel.obj
         Release\UIList.obj
         Release\UIOption.obj
         Release\UIProgress.obj
         Release\UIRichEdit.obj
         Release\UIScrollBar.obj
         Release\UISlider.obj
         Release\UIText.obj
         Release\UITreeView.obj
         Release\UIWebBrowser.obj
         Release\UIBase.obj
         Release\UIContainer.obj
         Release\UIControl.obj
         Release\UIDlgBuilder.obj
         Release\UIManager.obj
         Release\UIMarkup.obj
         Release\UIRender.obj
         Release\UIChildLayout.obj
         Release\UIHorizontalLayout.obj
         Release\UITabLayout.obj
         Release\UITileLayout.obj
         Release\UIVerticalLayout.obj
         Release\StdAfx.obj
         Release\UIlib.obj
         Release\stb_image.obj
         Release\UIDelegate.obj
         Release\Utils.obj
         Release\WinImplBase.obj
         Release\WndShadow.obj
         Release\XUnzip.obj
            正在创建库 ../Lib/DuiLib.lib 和对象 ../Lib/DuiLib.exp
         DuiLib.vcxproj -> D:\PaoPao\Client3.0\trunk\PPSpeedUp\DuiLib\..\..\bin\PPSpeedUp\PPUI.dll
     1>已完成生成项目“D:\PaoPao\Client3.0\trunk\PPSpeedUp\DuiLib\DuiLib.vcxproj”(Rebuild 个目标)的操作。

生成成功。

已用时间 00:00:13.28
