d:\hades\hades-windows\hadessdk\yamlcpp\lib\yaml-cpp64d.pdb
d:\hades\hades-windows\hadessdk\yamlcpp\yaml-cpp.dir\debug\ostream_wrapper.obj
d:\hades\hades-windows\hadessdk\yamlcpp\yaml-cpp.dir\debug\null.obj
d:\hades\hades-windows\hadessdk\yamlcpp\yaml-cpp.dir\debug\nodeevents.obj
d:\hades\hades-windows\hadessdk\yamlcpp\yaml-cpp.dir\debug\nodebuilder.obj
d:\hades\hades-windows\hadessdk\yamlcpp\yaml-cpp.dir\debug\node_data.obj
d:\hades\hades-windows\hadessdk\yamlcpp\yaml-cpp.dir\debug\node.obj
d:\hades\hades-windows\hadessdk\yamlcpp\yaml-cpp.dir\debug\memory.obj
d:\hades\hades-windows\hadessdk\yamlcpp\yaml-cpp.dir\debug\exp.obj
d:\hades\hades-windows\hadessdk\yamlcpp\yaml-cpp.dir\debug\exceptions.obj
d:\hades\hades-windows\hadessdk\yamlcpp\yaml-cpp.dir\debug\emitterutils.obj
d:\hades\hades-windows\hadessdk\yamlcpp\yaml-cpp.dir\debug\emitterstate.obj
d:\hades\hades-windows\hadessdk\yamlcpp\yaml-cpp.dir\debug\emitter.obj
d:\hades\hades-windows\hadessdk\yamlcpp\yaml-cpp.dir\debug\emitfromevents.obj
d:\hades\hades-windows\hadessdk\yamlcpp\yaml-cpp.dir\debug\emit.obj
d:\hades\hades-windows\hadessdk\yamlcpp\yaml-cpp.dir\debug\directives.obj
d:\hades\hades-windows\hadessdk\yamlcpp\yaml-cpp.dir\debug\depthguard.obj
d:\hades\hades-windows\hadessdk\yamlcpp\yaml-cpp.dir\debug\convert.obj
d:\hades\hades-windows\hadessdk\yamlcpp\yaml-cpp.dir\debug\binary.obj
d:\hades\hades-windows\hadessdk\yamlcpp\yaml-cpp.dir\debug\graphbuilderadapter.obj
d:\hades\hades-windows\hadessdk\yamlcpp\yaml-cpp.dir\debug\graphbuilder.obj
d:\hades\hades-windows\hadessdk\yamlcpp\yaml-cpp.dir\debug\tag.obj
d:\hades\hades-windows\hadessdk\yamlcpp\yaml-cpp.dir\debug\stream.obj
d:\hades\hades-windows\hadessdk\yamlcpp\yaml-cpp.dir\debug\singledocparser.obj
d:\hades\hades-windows\hadessdk\yamlcpp\yaml-cpp.dir\debug\simplekey.obj
d:\hades\hades-windows\hadessdk\yamlcpp\yaml-cpp.dir\debug\scantoken.obj
d:\hades\hades-windows\hadessdk\yamlcpp\yaml-cpp.dir\debug\scantag.obj
d:\hades\hades-windows\hadessdk\yamlcpp\yaml-cpp.dir\debug\scanscalar.obj
d:\hades\hades-windows\hadessdk\yamlcpp\yaml-cpp.dir\debug\scanner.obj
d:\hades\hades-windows\hadessdk\yamlcpp\yaml-cpp.dir\debug\regex_yaml.obj
d:\hades\hades-windows\hadessdk\yamlcpp\yaml-cpp.dir\debug\parser.obj
d:\hades\hades-windows\hadessdk\yamlcpp\yaml-cpp.dir\debug\parse.obj
d:\hades\hades-windows\hadessdk\yamlcpp\cmakefiles\generate.stamp
d:\hades\hades-windows\hadessdk\yamlcpp\lib\yaml-cpp64d.lib
d:\hades\hades-windows\hadessdk\yamlcpp\yaml-cpp.dir\debug\yaml-cpp static.tlog\cl.command.1.tlog
d:\hades\hades-windows\hadessdk\yamlcpp\yaml-cpp.dir\debug\yaml-cpp static.tlog\cl.read.1.tlog
d:\hades\hades-windows\hadessdk\yamlcpp\yaml-cpp.dir\debug\yaml-cpp static.tlog\cl.write.1.tlog
d:\hades\hades-windows\hadessdk\yamlcpp\yaml-cpp.dir\debug\yaml-cpp static.tlog\custombuild.command.1.tlog
d:\hades\hades-windows\hadessdk\yamlcpp\yaml-cpp.dir\debug\yaml-cpp static.tlog\custombuild.read.1.tlog
d:\hades\hades-windows\hadessdk\yamlcpp\yaml-cpp.dir\debug\yaml-cpp static.tlog\custombuild.write.1.tlog
d:\hades\hades-windows\hadessdk\yamlcpp\yaml-cpp.dir\debug\yaml-cpp static.tlog\lib-link.read.1.tlog
d:\hades\hades-windows\hadessdk\yamlcpp\yaml-cpp.dir\debug\yaml-cpp static.tlog\lib-link.write.1.tlog
d:\hades\hades-windows\hadessdk\yamlcpp\yaml-cpp.dir\debug\yaml-cpp static.tlog\lib.command.1.tlog
